  ----------------------------------------------------------------------------
  
  Layout ENGINE x64 Revision Number 6.01.001 , Mar 18 2021
  BEAMER Revision Number 6.1.1 (44764), Mar 18 2021
  Linux - 4.15.0-135-generic
     Session started on Wed Apr 21 11:10:53 2021
  
     8 processors, 64315 MB memory
     TempFile Behaviour: Default
  
  Read GDSII started on Wed Apr 21 11:10:53 2021
  
     Read GDSII input file: /home/manab10/Documents/Manab Drawings/May2021/M78/M78_top.gds
     Input file last modified: [2021-04-21 09:52:38] 
     Polygon Validation: on
     Curve detection: off
     Number of Threads: 4
     File Size (MB): 0.0125828
  
     units (user):   0.001
     units (meters): 1e-09
  
     GDS file created:  [3921-4-21 9:52:38]
  
     number of structures: 1
     number of boundaries: 183
     number of paths:      0
     number of srefs:      0
     number of arefs:      0
     number of texts:      0
     number of nodes:      0
     number of boxes:      0
     number of zigzags:    0
  
     Number of main structures: 1
     Layer Set           : 1(0), 3(0), 1(1), 4(0), 10(0)
  
     Geometry Count: 183 definitions with 904 vertices, 183 instances
     Cell Count: 1 definitions, 1 instances in 1 references/arrays
  
     Geometry Compaction Factor: 1.0
     Cell Compaction Factor: 1.0
     Hierarchy Compaction Factor: 1.0
  
     Hierarchy Tree Depth: 1
  
     Area (in um2): 1.4782094743e+05
     Bbox (in um) : (-1500, -1500), (1500, 1500)
     Coverage : 1.64 %
  
     Extent (in um) : (-1500, -1500), (1500, 1500)
     Extent related Cov. : 1.64 %
  
     CPU time: 0.2 seconds, Elapsed time: 1.0 seconds
     Memory usage: 80.008 MB additional, 301.297 MB total
  
  Read GDSII completed on Wed Apr 21 11:10:54 2021
  ----------------------------------------------------------------------------
  
  Extract started on Wed Apr 21 11:11:01 2021
  
     Extract cell instances: 
     Layers(s): 10(0)
     Maintain extent
     Maintain extent
  
     Number of main structures: 1
     Layer Set           : 10(0)
  
     Geometry Count: 3 definitions with 25 vertices, 3 instances
     Cell Count: 1 definitions, 1 instances in 1 references/arrays
  
     Geometry Compaction Factor: 1.0
     Cell Compaction Factor: 1.0
     Hierarchy Compaction Factor: 1.0
  
     Hierarchy Tree Depth: 1
  
     Area (in um2): 1.1931356900e+02
     Bbox (in um) : (-102.19, -15.371), (-24.574, 1.704)
     Coverage : 9 %
  
     Extent (in um) : (-1500, -1500), (1500, 1500)
     Extent related Cov. : 0.00133 %
  
     CPU time: 0.0 seconds, Elapsed time: 0.0 seconds
     Memory usage: 0.000 B additional, 293.293 MB total
  
  Extract completed on Wed Apr 21 11:11:01 2021
  ----------------------------------------------------------------------------
  
  Healing started on Wed Apr 21 11:11:08 2021
  
  
     Softframe: 0.300 um
     Processing Mode: Healing

     Hierarchic Processing
     Target Layer Assignment: AllLayer
     Target Layer/Datatype: 1(0)
     Selected Layer Set: *
  
     Operation Executed with 4 Threads
  
     Number of main structures: 1
     Layer Set           : 1(0)
  
     Geometry Count: 2 definitions with 22 vertices, 2 instances
     Cell Count: 1 definitions, 1 instances in 1 references/arrays
  
     Geometry Compaction Factor: 1.0
     Cell Compaction Factor: 1.0
     Hierarchy Compaction Factor: 1.0
  
     Hierarchy Tree Depth: 1
  
     Area (in um2): 1.1648633200e+02
     Bbox (in um) : (-102.19, -15.371), (-24.574, 1.704)
     Coverage : 8.79 %
  
     Extent (in um) : (-1500, -1500), (1500, 1500)
     Extent related Cov. : 0.00129 %
  
     CPU time: 0.0 seconds, Elapsed time: 0.0 seconds
     Memory usage: 8.004 MB additional, 293.293 MB total
  
  Healing completed on Wed Apr 21 11:11:08 2021
  ----------------------------------------------------------------------------
  
  Biasing started on Wed Apr 21 11:11:08 2021
  
  
     Biasing of -0.0000000000 um
     Corner Extension: 1.000
     X-Y Biasing
     Hierarchic Processing
     Bias without Healing: False 
     Target Layer Assignment: AllLayer
     Target Layer/Datatype: 0(0)
     Selected Layer Set: *
  
     Operation Executed with 4 Threads
  
     Number of main structures: 1
     Layer Set           : 0(0)
  
     Geometry Count: 2 definitions with 22 vertices, 2 instances
     Cell Count: 1 definitions, 1 instances in 1 references/arrays
  
     Geometry Compaction Factor: 1.0
     Cell Compaction Factor: 1.0
     Hierarchy Compaction Factor: 1.0
  
     Hierarchy Tree Depth: 1
  
     Area (in um2): 1.1648633200e+02
     Bbox (in um) : (-102.19, -15.371), (-24.574, 1.704)
     Coverage : 8.79 %
  
     Extent (in um) : (-1500, -1500), (1500, 1500)
     Extent related Cov. : 0.00129 %
  
     CPU time: 0.0 seconds, Elapsed time: 0.0 seconds
     Memory usage: 8.004 MB additional, 293.293 MB total
  
  Biasing completed on Wed Apr 21 11:11:08 2021
  ----------------------------------------------------------------------------
  
  Proximity Effect Correction started on Wed Apr 21 11:11:15 2021
  
     Type: PEC
  
     Short Range Correction OFF
     Use Numerical PSF: /home/manab10/Documents/From Beamer/Si_SiO2_300nm_PMMA_330nm_100kV.lpsf
     Beam Blur / Size  = 0.000000 um
     Separation Value  = 0.252167 um
     Mid Range Activation Threshold  = 2.00 %
     Mid Range Energy detected with current settings  = 3.87 %
     Separate Mid Range PEC on  -> ( applied resolution =  0.410 um )
     Hierarchic Short Range Correction  on
     Hierarchic Long Range Correction  off
     Isodose Grid = 0.005000 um
     Nr Doseclasses = 256
     Manhattan Fracturing switched on
     LR Minimum Feature Size  = 0.225000 um
     Periodic Layout Repetition switched off
     Layer for Correction = 0(0)
     Layer for Long Range Fracturing = *
  
  Equivalent Beta[um]: 19.055, Equivalent Eta : 0.499
  Min. layout independent LR dose factor = 0.750
  Number Doseclasses: 11
  
  Dosetable:
      0: 1.2953
      1: 1.3082
      2: 1.3213
      3: 1.3345
      4: 1.3478
      5: 1.3613
      6: 1.3749
      7: 1.3887
      8: 1.4026
      9: 1.4166
      10: 1.4308
   
     Dose Accuracy: 1.0 %

  
     Number of main structures: 1
     Layer Set           : 0(0)
  
     Geometry Count: 576 definitions with 2302 vertices, 576 instances
     Cell Count: 1 definitions, 1 instances in 1 references/arrays
  
     Geometry Compaction Factor: 1.0
     Cell Compaction Factor: 1.0
     Hierarchy Compaction Factor: 1.0
  
     Hierarchy Tree Depth: 1
  
     Area (in um2): 1.1648888550e+02
     Bbox (in um) : (-102.19, -15.371), (-24.574, 1.704)
     Coverage : 8.79 %
  
     Extent (in um) : (-1500, -1500), (1500, 1500)
     Extent related Cov. : 0.00129 %
  
     CPU time: 0.2 seconds, Elapsed time: 0.0 seconds
     Memory usage: 8.004 MB additional, 293.293 MB total
  
  Proximity Effect Correction completed on Wed Apr 21 11:11:15 2021
  ----------------------------------------------------------------------------
  
  Format JEOL52 started on Wed Apr 21 11:11:29 2021
  
     Export started on Wed Apr 21 11:11:29
     Pattern Filename: /home/manab10/Documents/Manab Drawings/May2021/M78/m78top.v30
  
     Machine Type: JBX-8100FS
     Unit of Chip Size [um]: 0.000500
     Unit of Pattern Data [um]: 0.000500
     Unit of Position Set [um]: 0.000500
     Shot Pitch: 10
     Shot Pitch [um]: 0.005000
     Field Size (x/y)[um]: 1000.000000/1000.000000
     Field Overlap (x/y)[um]: 0.000000/0.000000
     Job Frame Lower Left (x/y)[um]: -1500.000000/-1500.000000
     Job Frame Upper Right (x/y)[um]: 1500.000000/1500.000000
     Position Set Area Size [um]: 1000.000000
     Normalize Dose: False
     Feature Ordering: ArrayCompaction
     Subfield Optimization Layer: *
     Center To Field: True
     Field Memory Size (MB): 256
     Single Line Shot Ranks: 1
     Dose Mapping: Relative
     Shot Time Modulation Table Name: MOD001
     Fracture Mode: LRFT
     Curve Tolerance Factor [Res]: 1.000000
     Symmetric Fracturing: False
     Traversal Mode: Fixed
     Floating Subfield Fracturing: False
     Floating Subfield Size [um]: 2.047
     Fixed Field Traversal Type: MeanderX
     Field Overlap X [um] = 0.000000
   Field Overlap Y [um] = 0.000000
   Overlap Method = Share between Fields
   Interleaving Size [um] = 0.000000
   Interlock Layer = *
   Multipass Mode = Single Pass
   Multipass Field Arrangement = Shortest Path
   Mainfield Offset X [-] = 0.500000
   Mainfield Offset Y [-] = 0.500000
   Mainfield Offset Absolute [-] = 0
   Subfield Offset X [-] = 0.500000
   Subfield Offset Y [-] = 0.500000
   Subfield Offset Absolute [-] = 0
   Layer for Multipass = *
   Userdefined Dosepasses = 

  
     Fracturing Executed with 4 Threads 
     Number of Fields 1
     Number of decompacted Rectangles 291
     Number of decompacted Trapezoids 291
     Number of decompacted SingleLines 0
     Total number of decompacted Features 582
     Number of main structures: 1
     Layer Set           : 0(0)
  
     Geometry Count: 576 definitions with 2302 vertices, 576 instances
     Cell Count: 1 definitions, 1 instances in 1 references/arrays
  
     Geometry Compaction Factor: 1.0
     Cell Compaction Factor: 1.0
     Hierarchy Compaction Factor: 1.0
  
     Hierarchy Tree Depth: 1
  
     Area (in um2): 1.1648888550e+02
     Bbox (in um) : (-102.19, -15.371), (-24.574, 1.704)
     Coverage : 8.79 %
  
     Extent (in um) : (-1500, -1500), (1500, 1500)
     Extent related Cov. : 0.00129 %
  
     CPU time: 0.0 seconds, Elapsed time: 0.0 seconds
     Memory usage: 8.004 MB additional, 293.293 MB total
  
  Format JEOL52 completed on Wed Apr 21 11:11:29 2021
  ----------------------------------------------------------------------------
  
